<?xml version="1.0" encoding="UTF-8"?>
<testng-results ignored="0" total="1" passed="1" failed="0" skipped="0">
  <reporter-output>
  </reporter-output>
  <suite started-at="2024-02-03T02:45:20 EST" name="Default suite" finished-at="2024-02-03T02:45:26 EST" duration-ms="6002">
    <groups>
    </groups>
    <test started-at="2024-02-03T02:45:20 EST" name="Default test" finished-at="2024-02-03T02:45:26 EST" duration-ms="6002">
      <class name="com.searchengine.tests.YahooSearchEngineTest">
        <test-method is-config="true" signature="launchBrowser()[pri:0, instance:com.searchengine.tests.YahooSearchEngineTest@342c38f8]" started-at="2024-02-03T02:45:20 EST" name="launchBrowser" finished-at="2024-02-03T02:45:24 EST" duration-ms="3861" status="PASS">
          <reporter-output>
          </reporter-output>
        </test-method> <!-- launchBrowser -->
        <test-method signature="validateInputInSearchEngine()[pri:0, instance:com.searchengine.tests.YahooSearchEngineTest@342c38f8]" started-at="2024-02-03T02:45:24 EST" name="validateInputInSearchEngine" finished-at="2024-02-03T02:45:26 EST" duration-ms="1916" status="PASS">
          <reporter-output>
          </reporter-output>
        </test-method> <!-- validateInputInSearchEngine -->
        <test-method is-config="true" signature="tearDown()[pri:0, instance:com.searchengine.tests.YahooSearchEngineTest@342c38f8]" started-at="2024-02-03T02:45:26 EST" name="tearDown" finished-at="2024-02-03T02:45:26 EST" duration-ms="192" status="PASS">
          <reporter-output>
          </reporter-output>
        </test-method> <!-- tearDown -->
      </class> <!-- com.searchengine.tests.YahooSearchEngineTest -->
    </test> <!-- Default test -->
  </suite> <!-- Default suite -->
</testng-results>
